2025-02-04 07:40:34,040 - INFO - awa
2025-02-04 07:40:34,070 - INFO - Successfully loaded module: adapters.onebot
2025-02-04 07:40:34,071 - INFO - 启动啦！
2025-02-04 07:40:35,075 - INFO - Successfully loaded module!!: adapters.onebot
2025-02-04 07:40:35,081 - INFO - 卸载啦！
2025-02-04 07:40:35,089 - INFO - 卸载啦！
2025-02-04 07:42:15,061 - INFO - awa
2025-02-04 07:42:15,089 - INFO - Successfully loaded module: adapters.onebot
2025-02-04 07:42:15,090 - INFO - 启动啦！
2025-02-04 07:42:16,108 - INFO - Successfully loaded module!!: adapters.onebot
2025-02-04 07:42:16,109 - INFO - 卸载啦！
2025-02-04 07:42:16,110 - INFO - 卸载啦！
2025-02-04 07:50:17,524 - INFO - Successfully loaded module: adapters.onebot
2025-02-04 07:50:17,525 - INFO - 启动啦！
2025-02-04 07:50:18,532 - INFO - Successfully loaded module!!: adapters.onebot
2025-02-04 07:50:18,536 - INFO - 卸载啦！
2025-02-04 07:50:18,544 - INFO - 卸载啦！
2025-02-04 07:50:24,835 - INFO - Successfully loaded module: adapters.onebot
2025-02-04 07:50:24,836 - INFO - 启动啦！
2025-02-04 07:50:25,849 - INFO - Successfully loaded module!!: adapters.onebot
2025-02-04 07:50:25,851 - INFO - 卸载啦！
2025-02-04 07:50:25,854 - INFO - 卸载啦！
2025-02-04 07:51:06,017 - INFO - Successfully loaded module: adapters.onebot
2025-02-04 07:51:06,019 - INFO - 启动啦！
2025-02-04 07:51:07,021 - INFO - 卸载啦！
